<?xml version="1.0" encoding="UTF-8"?>
<!-- Generated by org.testng.reporters.JUnitReportReporter -->
<testsuite hostname="DESKTOP-0KE9K1V" failures="0" tests="1" name="Testng.AnnotationStudy" time="0.093" errors="0" timestamp="2022-06-22T21:45:02 IST" skipped="0">
  <testcase classname="Testng.AnnotationStudy" name="cableRecharge" time="0.093"/>
  <system-out>
    <![CDATA[recharge done]]>
  </system-out>
</testsuite> <!-- Testng.AnnotationStudy -->
