<?xml version="1.0" encoding="UTF-8"?>
<!-- Generated by org.testng.reporters.JUnitReportReporter -->
<testsuite hostname="DESKTOP-0KE9K1V" failures="0" tests="1" name="KitePOMusingTestNG.ValidateKiteAPPuserName" time="11.438" errors="0" timestamp="2022-07-03T17:35:43 IST" skipped="0">
  <testcase classname="KitePOMusingTestNG.ValidateKiteAPPuserName" name="T1" time="11.438"/>
  <system-out>
    <![CDATA[actual & ecpected username are not match TC is pass]]>
  </system-out>
</testsuite> <!-- KitePOMusingTestNG.ValidateKiteAPPuserName -->
