<?xml version="1.0" encoding="UTF-8"?>
<!-- Generated by org.testng.reporters.JUnitReportReporter -->
<testsuite hostname="DESKTOP-0KE9K1V" failures="0" tests="1" name="Testng.Testng1" time="30.176" errors="0" timestamp="2022-06-22T14:19:15 IST" skipped="0">
  <testcase classname="Testng.Testng1" name="kiteLogin" time="30.176"/>
  <system-out/>
</testsuite> <!-- Testng.Testng1 -->
