<?xml version="1.0" encoding="UTF-8"?>
<!-- Generated by org.testng.reporters.JUnitReportReporter -->
<testsuite hostname="DESKTOP-0KE9K1V" failures="0" tests="1" name="Testng.Testng2" time="0.071" errors="0" timestamp="2022-06-21T18:13:20 IST" skipped="0">
  <testcase classname="Testng.Testng2" name="display1" time="0.071"/>
  <system-out>
    <![CDATA[hi i am pornima]]>
  </system-out>
</testsuite> <!-- Testng.Testng2 -->
