<?xml version="1.0" encoding="UTF-8"?>
<!-- Generated by org.testng.reporters.JUnitReportReporter -->
<testsuite hostname="DESKTOP-0KE9K1V" failures="0" tests="3" name="TestNGkeywords.DependsOnMethods" time="0.031" errors="0" timestamp="2022-06-23T22:34:52 IST" skipped="0">
  <testcase classname="TestNGkeywords.DependsOnMethods" name="H" time="0.000"/>
  <system-out>
    <![CDATA[H is running]]>
  </system-out>
  <testcase classname="TestNGkeywords.DependsOnMethods" name="G" time="0.031"/>
  <system-out>
    <![CDATA[G is running]]>
  </system-out>
  <testcase classname="TestNGkeywords.DependsOnMethods" name="I" time="0.000"/>
  <system-out>
    <![CDATA[I is running]]>
  </system-out>
</testsuite> <!-- TestNGkeywords.DependsOnMethods -->
