<?xml version="1.0" encoding="UTF-8"?>
<!-- Generated by org.testng.reporters.JUnitReportReporter -->
<testsuite hostname="DESKTOP-0KE9K1V" failures="0" tests="3" name="TestNGkeywords.InvocationClassUse" time="0.111" errors="0" timestamp="2022-06-22T21:54:43 IST" skipped="0">
  <testcase classname="TestNGkeywords.InvocationClassUse" name="SK1" time="0.018"/>
  <system-out>
    <![CDATA[who are you]]>
  </system-out>
  <testcase classname="TestNGkeywords.InvocationClassUse" name="SK1" time="0.061"/>
  <system-out>
    <![CDATA[who are you]]>
  </system-out>
  <testcase classname="TestNGkeywords.InvocationClassUse" name="SK1" time="0.032"/>
  <system-out>
    <![CDATA[who are you]]>
  </system-out>
</testsuite> <!-- TestNGkeywords.InvocationClassUse -->
