<?xml version="1.0" encoding="UTF-8"?>
<!-- Generated by org.testng.reporters.JUnitReportReporter -->
<testsuite hostname="DESKTOP-0KE9K1V" failures="0" tests="2" name="Testng.AnnotationStudy2" time="0.150" errors="0" timestamp="2022-06-22T21:45:02 IST" skipped="0">
  <testcase classname="Testng.AnnotationStudy2" name="userIDvalidate" time="0.023"/>
  <system-out>
    <![CDATA[userID validate]]>
  </system-out>
  <testcase classname="Testng.AnnotationStudy2" name="DashBoardValidate" time="0.127"/>
  <system-out>
    <![CDATA[DashBoard Validate]]>
  </system-out>
</testsuite> <!-- Testng.AnnotationStudy2 -->
