<?xml version="1.0" encoding="UTF-8"?>
<!-- Generated by org.testng.reporters.JUnitReportReporter -->
<testsuite hostname="DESKTOP-0KE9K1V" failures="0" tests="1" name="TestngSerialandParallel.Class1" time="128.734" errors="0" timestamp="2022-06-27T12:54:37 IST" skipped="0">
  <testcase classname="TestngSerialandParallel.Class1" name="METHOD1" time="128.734"/>
  <system-out/>
</testsuite> <!-- TestngSerialandParallel.Class1 -->
