<?xml version="1.0" encoding="UTF-8"?>
<!-- Generated by org.testng.reporters.JUnitReportReporter -->
<testsuite hostname="DESKTOP-0KE9K1V" failures="0" tests="1" name="VerificationusingTestng.MultipleVerification" time="0.278" errors="0" timestamp="2022-06-29T15:41:10 IST" skipped="0">
  <testcase classname="VerificationusingTestng.MultipleVerification" name="mymethod" time="0.278"/>
  <system-out/>
</testsuite> <!-- VerificationusingTestng.MultipleVerification -->
