<?xml version="1.0" encoding="UTF-8"?>
<!-- Generated by org.testng.reporters.JUnitReportReporter -->
<testsuite hostname="DESKTOP-0KE9K1V" failures="0" tests="2" name="TestngGrouping.group1" time="0.007" errors="0" timestamp="2022-06-27T12:12:20 IST" skipped="0">
  <testcase classname="TestngGrouping.group1" name="TC3" time="0.003"/>
  <system-out>
    <![CDATA[TC3 regression Running]]>
  </system-out>
  <testcase classname="TestngGrouping.group1" name="TC1" time="0.004"/>
  <system-out>
    <![CDATA[TC1 regression Running]]>
  </system-out>
</testsuite> <!-- TestngGrouping.group1 -->
