<?xml version="1.0" encoding="UTF-8"?>
<!-- Generated by org.testng.reporters.JUnitReportReporter -->
<testsuite hostname="DESKTOP-0KE9K1V" failures="0" tests="1" name="CrossBrowserTest.FireFox" time="49.086" errors="0" timestamp="2022-06-29T23:02:15 IST" skipped="0">
  <testcase classname="CrossBrowserTest.FireFox" name="mymethod" time="49.086"/>
  <system-out/>
</testsuite> <!-- CrossBrowserTest.FireFox -->
