<?xml version="1.0" encoding="UTF-8"?>
<!-- Generated by org.testng.reporters.JUnitReportReporter -->
<testsuite hostname="DESKTOP-0KE9K1V" failures="0" tests="3" name="TestNGkeywords.Enabledclass" time="0.047" errors="0" timestamp="2022-06-23T18:01:59 IST" skipped="1">
  <testcase classname="TestNGkeywords.Enabledclass" name="mobile" time="0.000"/>
  <system-out>
    <![CDATA[mobile is working]]>
  </system-out>
  <testcase classname="TestNGkeywords.Enabledclass" name="Tv" time="0.047"/>
  <system-out>
    <![CDATA[tv is working]]>
  </system-out>
  <testcase classname="TestNGkeywords.Enabledclass" name="laptop">
    <skipped/>
  </testcase> <!-- laptop -->
  <system-out/>
</testsuite> <!-- TestNGkeywords.Enabledclass -->
