<?xml version="1.0" encoding="UTF-8"?>
<!-- Generated by org.testng.reporters.JUnitReportReporter -->
<testsuite hostname="DESKTOP-0KE9K1V" failures="0" tests="2" name="TestngGrouping.group2" time="0.035" errors="0" timestamp="2022-06-27T12:12:20 IST" skipped="0">
  <testcase classname="TestngGrouping.group2" name="TC8" time="0.005"/>
  <system-out>
    <![CDATA[TC8 regression Running]]>
  </system-out>
  <testcase classname="TestngGrouping.group2" name="TC6" time="0.030"/>
  <system-out>
    <![CDATA[TC6 regression Running]]>
  </system-out>
</testsuite> <!-- TestngGrouping.group2 -->
