<?xml version="1.0" encoding="UTF-8"?>
<!-- Generated by org.testng.reporters.JUnitReportReporter -->
<testsuite hostname="DESKTOP-0KE9K1V" failures="0" tests="3" name="TestNGkeywords.PRIORITYCLASS2" time="0.086" errors="0" timestamp="2022-06-23T17:45:33 IST" skipped="0">
  <testcase classname="TestNGkeywords.PRIORITYCLASS2" name="C" time="0.054"/>
  <system-out>
    <![CDATA[C is running]]>
  </system-out>
  <testcase classname="TestNGkeywords.PRIORITYCLASS2" name="B" time="0.000"/>
  <system-out>
    <![CDATA[B is running]]>
  </system-out>
  <testcase classname="TestNGkeywords.PRIORITYCLASS2" name="A" time="0.032"/>
  <system-out>
    <![CDATA[A is running]]>
  </system-out>
</testsuite> <!-- TestNGkeywords.PRIORITYCLASS2 -->
