<?xml version="1.0" encoding="UTF-8"?>
<!-- Generated by org.testng.reporters.JUnitReportReporter -->
<testsuite hostname="DESKTOP-0KE9K1V" failures="0" tests="3" name="TestNGkeywords.PriorityClass" time="0.078" errors="0" timestamp="2022-06-23T17:41:29 IST" skipped="0">
  <testcase classname="TestNGkeywords.PriorityClass" name="A" time="0.062"/>
  <system-out>
    <![CDATA[I AM MANUAL TESTER]]>
  </system-out>
  <testcase classname="TestNGkeywords.PriorityClass" name="C" time="0.000"/>
  <system-out>
    <![CDATA[I AM DEVELOPER]]>
  </system-out>
  <testcase classname="TestNGkeywords.PriorityClass" name="B" time="0.016"/>
  <system-out>
    <![CDATA[I AM AUTOMATION TESTER]]>
  </system-out>
</testsuite> <!-- TestNGkeywords.PriorityClass -->
