<?xml version="1.0" encoding="UTF-8"?>
<!-- Generated by org.testng.reporters.JUnitReportReporter -->
<testsuite hostname="DESKTOP-0KE9K1V" failures="0" tests="2" name="Testng.myTestClass" time="208.484" errors="0" timestamp="2022-06-22T21:45:02 IST" skipped="0">
  <testcase classname="Testng.myTestClass" name="myMethod2" time="84.581"/>
  <system-out/>
  <testcase classname="Testng.myTestClass" name="myMethod1" time="123.903"/>
  <system-out/>
</testsuite> <!-- Testng.myTestClass -->
