<?xml version="1.0" encoding="UTF-8"?>
<!-- Generated by org.testng.reporters.JUnitReportReporter -->
<testsuite hostname="DESKTOP-0KE9K1V" failures="0" tests="1" name="VerificationusingTestng.AssertEquals" time="0.287" errors="0" timestamp="2022-06-29T14:48:34 IST" skipped="0">
  <testcase classname="VerificationusingTestng.AssertEquals" name="Method" time="0.287"/>
  <system-out>
    <![CDATA[P and Q values are not matching TC PASSED]]>
  </system-out>
</testsuite> <!-- VerificationusingTestng.AssertEquals -->
