<?xml version="1.0" encoding="UTF-8"?>
<!-- Generated by org.testng.reporters.JUnitReportReporter -->
<testsuite hostname="DESKTOP-0KE9K1V" failures="0" tests="1" name="VerificationusingTestng.AssertTrue" time="0.235" errors="0" timestamp="2022-06-29T21:46:51 IST" skipped="0">
  <testcase classname="VerificationusingTestng.AssertTrue" name="MethodS3" time="0.235"/>
  <system-out>
    <![CDATA[TC is passed value is false]]>
  </system-out>
</testsuite> <!-- VerificationusingTestng.AssertTrue -->
